Build started 11/11/15 6:27:54 PM.
     1>Project "C:\Users\Atranemus-PC\SkyDrive\UCLA\Fragments of CS\CS 31\Project1\Project1\Project1.vcxproj" on node 2 (Build target(s)).
     1>ClCompile:
         C:\Program Files (x86)\Microsoft Visual Studio 12.0\VC\bin\CL.exe /c /ZI /nologo /W3 /WX- /Od /Oy- /D _MBCS /Gm /EHsc /RTC1 /MDd /GS /fp:precise /Zc:wchar_t /Zc:forScope /Fo"Debug\\" /Fd"Debug\vc120.pdb" /Gd /TP /analyze- /errorReport:prompt Arena.cpp Game.cpp History.cpp main.cpp Player.cpp utilities.cpp Zombie.cpp
         Zombie.cpp
         utilities.cpp
         Player.cpp
         main.cpp
         History.cpp
         Game.cpp
         Arena.cpp
         Generating Code...
       Link:
         C:\Program Files (x86)\Microsoft Visual Studio 12.0\VC\bin\link.exe /ERRORREPORT:PROMPT /OUT:"C:\Users\Atranemus-PC\SkyDrive\UCLA\Fragments of CS\CS 31\Project1\Debug\Project1.exe" /INCREMENTAL /NOLOGO kernel32.lib user32.lib gdi32.lib winspool.lib comdlg32.lib advapi32.lib shell32.lib ole32.lib oleaut32.lib uuid.lib odbc32.lib odbccp32.lib /MANIFEST /MANIFESTUAC:"level='asInvoker' uiAccess='false'" /manifest:embed /DEBUG /PDB:"C:\Users\Atranemus-PC\SkyDrive\UCLA\Fragments of CS\CS 31\Project1\Debug\Project1.pdb" /SUBSYSTEM:CONSOLE /TLBID:1 /DYNAMICBASE /NXCOMPAT /IMPLIB:"C:\Users\Atranemus-PC\SkyDrive\UCLA\Fragments of CS\CS 31\Project1\Debug\Project1.lib" /MACHINE:X86 Debug\Arena.obj
         Debug\Game.obj
         Debug\History.obj
         Debug\main.obj
         Debug\Player.obj
         Debug\utilities.obj
         Debug\Zombie.obj
         Project1.vcxproj -> C:\Users\Atranemus-PC\SkyDrive\UCLA\Fragments of CS\CS 31\Project1\Debug\Project1.exe
     1>Done Building Project "C:\Users\Atranemus-PC\SkyDrive\UCLA\Fragments of CS\CS 31\Project1\Project1\Project1.vcxproj" (Build target(s)).

Build succeeded.

Time Elapsed 00:00:09.46
